2024-04-11 19:59:21,098 - server - INFO - Starting the server...
2024-04-11 20:12:26,005 - server - INFO - Server stopped.
2024-04-11 20:15:30,893 - INFO - Logging is set up.
2024-04-11 20:15:32,352 - INFO - Starting the server...
2024-04-11 20:21:57,400 - INFO - Server stopped.
2024-04-11 20:22:18,906 - INFO - Logging is set up.
2024-04-11 20:22:20,345 - INFO - Starting the server...
2024-04-11 20:32:31,852 - INFO - Server stopped.
2024-04-11 20:32:34,324 - INFO - Logging is set up.
2024-04-11 20:32:35,686 - INFO - Starting the server...
2024-04-11 20:38:11,813 - INFO - Server stopped.
2024-04-11 20:38:14,453 - INFO - Logging is set up.
2024-04-11 20:38:16,200 - INFO - Starting the server...
2024-04-11 20:46:15,058 - INFO - Server stopped.
2024-04-11 20:46:16,396 - INFO - Logging is set up.
2024-04-11 20:46:17,958 - INFO - Starting the server...
2024-04-11 20:49:44,305 - INFO - Server stopped.
2024-04-11 20:58:47,792 - INFO - Logging is set up.
2024-04-11 20:58:49,378 - INFO - Starting the server...
2024-04-11 21:03:45,615 - INFO - Server stopped.
2024-04-11 21:03:48,175 - INFO - Logging is set up.
2024-04-11 21:03:49,663 - INFO - Starting the server...
2024-04-12 09:39:24,101 - INFO - Logging is set up.
2024-04-12 09:39:25,526 - INFO - Starting the server...
2024-04-12 09:39:56,460 - INFO - Server stopped.
2024-04-12 09:39:59,729 - INFO - Logging is set up.
2024-04-12 09:40:01,230 - INFO - Starting the server...
2024-04-12 10:01:15,721 - INFO - Logging is set up.
2024-04-12 10:03:17,029 - INFO - Logging is set up.
2024-04-12 10:04:00,367 - INFO - Logging is set up.
2024-04-12 10:05:26,734 - INFO - Logging is set up.
2024-04-12 10:10:33,702 - INFO - Logging is set up.
2024-04-12 10:11:26,178 - INFO - Logging is set up.
2024-04-12 10:11:49,355 - INFO - Logging is set up.
2024-04-12 10:12:10,744 - INFO - Logging is set up.
2024-04-12 10:14:20,499 - INFO - Server stopped.
2024-04-12 10:14:23,369 - INFO - Logging is set up.
2024-04-12 10:14:23,370 - INFO - Logging is set up.
2024-04-12 10:14:23,370 - INFO - Logging is set up.
2024-04-12 10:19:51,339 - INFO - Logging is set up.
2024-04-12 10:19:52,736 - INFO - Starting the server...
2024-04-12 10:28:43,014 - INFO - Server stopped.
2024-04-12 10:28:45,332 - INFO - Logging is set up.
2024-04-12 10:28:46,847 - INFO - Starting the server...
2024-04-12 11:08:47,285 - INFO - Server stopped.
2024-04-12 11:08:56,607 - INFO - Logging is set up.
2024-04-12 11:08:58,102 - INFO - Starting the server...
2024-04-12 12:49:30,008 - INFO - Server stopped.
2024-04-12 12:49:32,739 - INFO - Logging is set up.
2024-04-12 12:49:34,215 - INFO - Starting the server...
2024-04-12 15:18:18,907 - INFO - Logging is set up.
2024-04-12 15:26:27,312 - INFO - Logging is set up.
2024-04-12 15:27:54,129 - INFO - Logging is set up.
2024-04-12 15:32:10,392 - INFO - Server stopped.
2024-04-12 15:32:13,072 - INFO - Logging is set up.
2024-04-12 15:35:55,940 - INFO - Logging is set up.
2024-04-12 15:39:29,060 - INFO - Logging is set up.
2024-04-12 15:41:52,785 - INFO - Logging is set up.
2024-04-12 15:45:44,000 - INFO - Logging is set up.
2024-04-12 15:48:18,754 - INFO - Logging is set up.
2024-04-12 17:37:03,823 - INFO - Logging is set up.
2024-04-12 17:55:04,602 - INFO - Logging is set up.
2024-04-12 17:56:01,328 - INFO - Logging is set up.
2024-04-12 17:56:02,701 - INFO - Starting the server...
2024-04-12 17:59:57,401 - INFO - Server stopped.
2024-04-12 18:06:42,751 - INFO - Logging is set up.
2024-04-12 18:06:44,195 - INFO - Starting the server...
2024-04-12 18:18:15,714 - INFO - Server stopped.
2024-04-12 18:19:19,660 - INFO - Logging is set up.
2024-04-12 18:19:21,083 - INFO - Starting the server...
2024-04-12 18:20:23,129 - INFO - Server stopped.
2024-04-12 18:26:16,514 - INFO - Logging is set up.
2024-04-12 18:26:17,954 - INFO - Starting the server...
2024-04-12 18:38:19,580 - INFO - Server stopped.
2024-04-12 21:19:17,147 - INFO - Logging is set up.
2024-04-12 21:19:18,644 - INFO - Starting the server...
2024-04-12 21:20:22,787 - INFO - Logging is set up.
2024-04-12 21:20:24,684 - INFO - Starting the server...
2024-04-12 21:38:36,529 - INFO - Server stopped.
2024-04-12 21:38:42,439 - INFO - Logging is set up.
2024-04-12 21:38:43,983 - INFO - Starting the server...
2024-04-12 21:39:04,138 - INFO - Server stopped.
2024-04-12 21:40:18,942 - INFO - Logging is set up.
2024-04-12 21:40:20,958 - INFO - Starting the server...
2024-04-12 21:47:58,581 - INFO - Server stopped.
2024-04-12 21:48:00,500 - INFO - Logging is set up.
2024-04-12 21:48:02,021 - INFO - Starting the server...
2024-04-12 21:48:10,572 - INFO - Server stopped.
2024-04-12 22:50:18,956 - INFO - Logging is set up.
2024-04-12 22:50:20,397 - INFO - Starting the server...
2024-04-12 22:50:32,345 - INFO - Server stopped.
2024-04-13 07:21:44,597 - INFO - Logging is set up.
2024-04-13 07:21:46,201 - INFO - Starting the server...
2024-04-13 07:44:36,868 - INFO - Server stopped.
2024-04-13 07:44:40,499 - INFO - Logging is set up.
2024-04-13 07:44:41,968 - INFO - Starting the server...
2024-04-13 08:03:32,947 - INFO - Server stopped.
2024-04-13 08:03:36,159 - INFO - Logging is set up.
